0 info it worked if it ends with ok
1 verbose cli [ 'C:\\Program Files\\nodejs\\node.exe',
1 verbose cli   'C:\\Program Files\\nodejs\\node_modules\\npm\\bin\\npm-cli.js',
1 verbose cli   'run',
1 verbose cli   'api' ]
2 info using npm@4.0.5
3 info using node@v7.4.0
4 verbose run-script [ 'preapi', 'api', 'postapi' ]
5 info lifecycle dta@1.0.0~preapi: dta@1.0.0
6 silly lifecycle dta@1.0.0~preapi: no script for preapi, continuing
7 info lifecycle dta@1.0.0~api: dta@1.0.0
8 verbose lifecycle dta@1.0.0~api: unsafe-perm in lifecycle true
9 verbose lifecycle dta@1.0.0~api: PATH: C:\Program Files\nodejs\node_modules\npm\bin\node-gyp-bin;C:\Users\ETY8\Documents\workspace\javascript\littleProject\node_modules\.bin;C:\ProgramData\Oracle\Java\javapath;C:\WINDOWS\system32;C:\WINDOWS;C:\WINDOWS\System32\Wbem;C:\WINDOWS\System32\WindowsPowerShell\v1.0\;C:\Program Files (x86)\Git\cmd;C:\Users\ETY8\.dnx\bin;C:\Program Files\Microsoft DNX\Dnvm\;C:\Program Files\Microsoft SQL Server\130\Tools\Binn\;C:\xampp\php;C:\ProgramData\ComposerSetup\bin;C:\Program Files\nodejs\;C:\Users\ETY8\AppData\Local\Microsoft\WindowsApps;C:\Program Files (x86)\Microsoft VS Code\bin;C:\Program Files\Java\jdk1.8.0_91\bin;C:\apache-maven-3.3.9-bin\apache-maven-3.3.9\bin;C:\Users\ETY8\AppData\Roaming\Composer\vendor\bin;C:\Users\ETY8\AppData\Roaming\npm
10 verbose lifecycle dta@1.0.0~api: CWD: C:\Users\ETY8\Documents\workspace\javascript\littleProject
11 silly lifecycle dta@1.0.0~api: Args: [ '/d /s /c', 'json-server data.json' ]
12 silly lifecycle dta@1.0.0~api: Returned: code: 3221225786  signal: null
13 info lifecycle dta@1.0.0~api: Failed to exec api script
14 verbose stack Error: dta@1.0.0 api: `json-server data.json`
14 verbose stack Exit status 3221225786
14 verbose stack     at EventEmitter.<anonymous> (C:\Program Files\nodejs\node_modules\npm\lib\utils\lifecycle.js:279:16)
14 verbose stack     at emitTwo (events.js:106:13)
14 verbose stack     at EventEmitter.emit (events.js:191:7)
14 verbose stack     at ChildProcess.<anonymous> (C:\Program Files\nodejs\node_modules\npm\lib\utils\spawn.js:40:14)
14 verbose stack     at emitTwo (events.js:106:13)
14 verbose stack     at ChildProcess.emit (events.js:191:7)
14 verbose stack     at maybeClose (internal/child_process.js:885:16)
14 verbose stack     at Process.ChildProcess._handle.onexit (internal/child_process.js:226:5)
15 verbose pkgid dta@1.0.0
16 verbose cwd C:\Users\ETY8\Documents\workspace\javascript\littleProject
17 error Windows_NT 10.0.14393
18 error argv "C:\\Program Files\\nodejs\\node.exe" "C:\\Program Files\\nodejs\\node_modules\\npm\\bin\\npm-cli.js" "run" "api"
19 error node v7.4.0
20 error npm  v4.0.5
21 error code ELIFECYCLE
22 error dta@1.0.0 api: `json-server data.json`
22 error Exit status 3221225786
23 error Failed at the dta@1.0.0 api script 'json-server data.json'.
23 error Make sure you have the latest version of node.js and npm installed.
23 error If you do, this is most likely a problem with the dta package,
23 error not with npm itself.
23 error Tell the author that this fails on your system:
23 error     json-server data.json
23 error You can get information on how to open an issue for this project with:
23 error     npm bugs dta
23 error Or if that isn't available, you can get their info via:
23 error     npm owner ls dta
23 error There is likely additional logging output above.
24 verbose exit [ 1, true ]
